Arguments: 
  C:\Program Files\nodejs\node.exe C:\Users\pedro\AppData\Roaming\npm\node_modules\yarn\bin\yarn.js

PATH: 
  C:\Users\pedro\bin;C:\Program Files\Git\mingw64\bin;C:\Program Files\Git\usr\local\bin;C:\Program Files\Git\usr\bin;C:\Program Files\Git\usr\bin;C:\Program Files\Git\mingw64\bin;C:\Program Files\Git\usr\bin;C:\Users\pedro\bin;C:\Program Files (x86)\Common Files\Oracle\Java\javapath;C:\Program Files\Eclipse Adoptium\jdk-17.0.8.7-hotspot\bin;C:\WINDOWS\system32;C:\WINDOWS;C:\WINDOWS\System32\Wbem;C:\WINDOWS\System32\WindowsPowerShell\v1.0;C:\WINDOWS\System32\OpenSSH;C:\Program Files\nodejs;C:\Program Files\Git\cmd;C:\Program Files\MongoDB\mongosh-1.10.6-win32-x64\bin;C:\Program Files\MongoDB\Server\4.4\bin;C:\Users\pedro\AppData\Local\Programs\Python\Launcher;C:\Users\pedro\AppData\Local\Microsoft\WindowsApps;C:\Users\pedro\AppData\Local\Programs\Microsoft VS Code\bin;C:\Users\pedro\AppData\Roaming\npm;C:\Program Files\Git\usr\bin\vendor_perl;C:\Program Files\Git\usr\bin\core_perl

Yarn version: 
  1.22.19

Node version: 
  18.17.0

Platform: 
  win32 x64

Trace: 
  SyntaxError: C:\Users\pedro\OneDrive\Desktop\afiliados\api\package.json: Unexpected end of JSON input
      at JSON.parse (<anonymous>)
      at C:\Users\pedro\AppData\Roaming\npm\node_modules\yarn\lib\cli.js:1629:59
      at Generator.next (<anonymous>)
      at step (C:\Users\pedro\AppData\Roaming\npm\node_modules\yarn\lib\cli.js:310:30)
      at C:\Users\pedro\AppData\Roaming\npm\node_modules\yarn\lib\cli.js:321:13

npm manifest: 
  

yarn manifest: 
  No manifest

Lockfile: 
  No lockfile
